<?xml version="1.0" encoding="utf-8"?><testsuites><testsuite name="pytest" errors="0" failures="0" skipped="0" tests="4" time="0.150" timestamp="2026-02-13T17:25:35.293259" hostname="runnervmjduv7"><testcase classname="pytorch_tests.test_roll.TestRoll" name="test_roll[ ie_device:CPU - precision:FP32 - shifts:(2, 1) - dim:(0, 1) ]" time="0.064" /><testcase classname="pytorch_tests.test_roll.TestRoll" name="test_roll[ ie_device:CPU - precision:FP32 - shifts:1 - dim:0 ]" time="0.023" /><testcase classname="pytorch_tests.test_roll.TestRoll" name="test_roll[ ie_device:CPU - precision:FP32 - shifts:-1 - dim:0 ]" time="0.021" /><testcase classname="pytorch_tests.test_roll.TestRoll" name="test_roll[ ie_device:CPU - precision:FP32 - shifts:1 - dim:None ]" time="0.023" /></testsuite></testsuites>