<?xml version="1.0" encoding="utf-8"?><testsuites><testsuite name="pytest" errors="0" failures="0" skipped="0" tests="177" time="6.238" timestamp="2026-02-13T17:23:35.169694" hostname="runnervmjduv7"><testcase classname="pytorch_tests.test_add.TestAdd" name="test_add[ ie_device:CPU - precision:FP32 - op_type:add - input_shape_rhs:[2, 5, 3, 4] - alpha:-0.5 ]" time="0.055" /><testcase classname="pytorch_tests.test_add.TestAdd" name="test_add[ ie_device:CPU - precision:FP32 - op_type:add - input_shape_rhs:[2, 5, 3, 4] - alpha:0 ]" time="0.029" /><testcase classname="pytorch_tests.test_add.TestAdd" name="test_add[ ie_device:CPU - precision:FP32 - op_type:add - input_shape_rhs:[2, 5, 3, 4] - alpha:0.5 ]" time="0.029" /><testcase classname="pytorch_tests.test_add.TestAdd" name="test_add[ ie_device:CPU - precision:FP32 - op_type:add - input_shape_rhs:[2, 5, 3, 4] - alpha:1 ]" time="0.030" /><testcase classname="pytorch_tests.test_add.TestAdd" name="test_add[ ie_device:CPU - precision:FP32 - op_type:add - input_shape_rhs:[2, 5, 3, 4] - alpha:2 ]" time="0.031" /><testcase classname="pytorch_tests.test_add.TestAdd" name="test_add[ ie_device:CPU - precision:FP32 - op_type:add - input_shape_rhs:[1, 5, 3, 4] - alpha:-0.5 ]" time="0.031" /><testcase classname="pytorch_tests.test_add.TestAdd" name="test_add[ ie_device:CPU - precision:FP32 - op_type:add - input_shape_rhs:[1, 5, 3, 4] - alpha:0 ]" time="0.031" /><testcase classname="pytorch_tests.test_add.TestAdd" name="test_add[ ie_device:CPU - precision:FP32 - op_type:add - input_shape_rhs:[1, 5, 3, 4] - alpha:0.5 ]" time="0.032" /><testcase classname="pytorch_tests.test_add.TestAdd" name="test_add[ ie_device:CPU - precision:FP32 - op_type:add - input_shape_rhs:[1, 5, 3, 4] - alpha:1 ]" time="0.028" /><testcase classname="pytorch_tests.test_add.TestAdd" name="test_add[ ie_device:CPU - precision:FP32 - op_type:add - input_shape_rhs:[1, 5, 3, 4] - alpha:2 ]" time="0.029" /><testcase classname="pytorch_tests.test_add.TestAdd" name="test_add[ ie_device:CPU - precision:FP32 - op_type:add - input_shape_rhs:[1] - alpha:-0.5 ]" time="0.031" /><testcase classname="pytorch_tests.test_add.TestAdd" name="test_add[ ie_device:CPU - precision:FP32 - op_type:add - input_shape_rhs:[1] - alpha:0 ]" time="0.028" /><testcase classname="pytorch_tests.test_add.TestAdd" name="test_add[ ie_device:CPU - precision:FP32 - op_type:add - input_shape_rhs:[1] - alpha:0.5 ]" time="0.029" /><testcase classname="pytorch_tests.test_add.TestAdd" name="test_add[ ie_device:CPU - precision:FP32 - op_type:add - input_shape_rhs:[1] - alpha:1 ]" time="0.031" /><testcase classname="pytorch_tests.test_add.TestAdd" name="test_add[ ie_device:CPU - precision:FP32 - op_type:add - input_shape_rhs:[1] - alpha:2 ]" time="0.029" /><testcase classname="pytorch_tests.test_add.TestAdd" name="test_add[ ie_device:CPU - precision:FP32 - op_type:add_ - input_shape_rhs:[2, 5, 3, 4] - alpha:-0.5 ]" time="0.058" /><testcase classname="pytorch_tests.test_add.TestAdd" name="test_add[ ie_device:CPU - precision:FP32 - op_type:add_ - input_shape_rhs:[2, 5, 3, 4] - alpha:0 ]" time="0.031" /><testcase classname="pytorch_tests.test_add.TestAdd" name="test_add[ ie_device:CPU - precision:FP32 - op_type:add_ - input_shape_rhs:[2, 5, 3, 4] - alpha:0.5 ]" time="0.028" /><testcase classname="pytorch_tests.test_add.TestAdd" name="test_add[ ie_device:CPU - precision:FP32 - op_type:add_ - input_shape_rhs:[2, 5, 3, 4] - alpha:1 ]" time="0.028" /><testcase classname="pytorch_tests.test_add.TestAdd" name="test_add[ ie_device:CPU - precision:FP32 - op_type:add_ - input_shape_rhs:[2, 5, 3, 4] - alpha:2 ]" time="0.031" /><testcase classname="pytorch_tests.test_add.TestAdd" name="test_add[ ie_device:CPU - precision:FP32 - op_type:add_ - input_shape_rhs:[1, 5, 3, 4] - alpha:-0.5 ]" time="0.030" /><testcase classname="pytorch_tests.test_add.TestAdd" name="test_add[ ie_device:CPU - precision:FP32 - op_type:add_ - input_shape_rhs:[1, 5, 3, 4] - alpha:0 ]" time="0.029" /><testcase classname="pytorch_tests.test_add.TestAdd" name="test_add[ ie_device:CPU - precision:FP32 - op_type:add_ - input_shape_rhs:[1, 5, 3, 4] - alpha:0.5 ]" time="0.030" /><testcase classname="pytorch_tests.test_add.TestAdd" name="test_add[ ie_device:CPU - precision:FP32 - op_type:add_ - input_shape_rhs:[1, 5, 3, 4] - alpha:1 ]" time="0.027" /><testcase classname="pytorch_tests.test_add.TestAdd" name="test_add[ ie_device:CPU - precision:FP32 - op_type:add_ - input_shape_rhs:[1, 5, 3, 4] - alpha:2 ]" time="0.028" /><testcase classname="pytorch_tests.test_add.TestAdd" name="test_add[ ie_device:CPU - precision:FP32 - op_type:add_ - input_shape_rhs:[1] - alpha:-0.5 ]" time="0.028" /><testcase classname="pytorch_tests.test_add.TestAdd" name="test_add[ ie_device:CPU - precision:FP32 - op_type:add_ - input_shape_rhs:[1] - alpha:0 ]" time="0.031" /><testcase classname="pytorch_tests.test_add.TestAdd" name="test_add[ ie_device:CPU - precision:FP32 - op_type:add_ - input_shape_rhs:[1] - alpha:0.5 ]" time="0.028" /><testcase classname="pytorch_tests.test_add.TestAdd" name="test_add[ ie_device:CPU - precision:FP32 - op_type:add_ - input_shape_rhs:[1] - alpha:1 ]" time="0.027" /><testcase classname="pytorch_tests.test_add.TestAdd" name="test_add[ ie_device:CPU - precision:FP32 - op_type:add_ - input_shape_rhs:[1] - alpha:2 ]" time="0.030" /><testcase classname="pytorch_tests.test_add.TestAddTypes" name="test_add_types[ ie_device:CPU - precision:FP32 - lhs_shape:[2, 3] - rhs_shape:[2, 3] - lhs_type:torch.bool - rhs_type:torch.uint8 ]" time="0.027" /><testcase classname="pytorch_tests.test_add.TestAddTypes" name="test_add_types[ ie_device:CPU - precision:FP32 - lhs_shape:[2, 3] - rhs_shape:[2, 3] - lhs_type:torch.bool - rhs_type:torch.int8 ]" time="0.026" /><testcase classname="pytorch_tests.test_add.TestAddTypes" name="test_add_types[ ie_device:CPU - precision:FP32 - lhs_shape:[2, 3] - rhs_shape:[2, 3] - lhs_type:torch.int8 - rhs_type:torch.uint8 ]" time="0.030" /><testcase classname="pytorch_tests.test_add.TestAddTypes" name="test_add_types[ ie_device:CPU - precision:FP32 - lhs_shape:[2, 3] - rhs_shape:[2, 3] - lhs_type:torch.uint8 - rhs_type:torch.int8 ]" time="0.027" /><testcase classname="pytorch_tests.test_add.TestAddTypes" name="test_add_types[ ie_device:CPU - precision:FP32 - lhs_shape:[2, 3] - rhs_shape:[2, 3] - lhs_type:torch.int32 - rhs_type:torch.int64 ]" time="0.026" /><testcase classname="pytorch_tests.test_add.TestAddTypes" name="test_add_types[ ie_device:CPU - precision:FP32 - lhs_shape:[2, 3] - rhs_shape:[2, 3] - lhs_type:torch.int32 - rhs_type:torch.float64 ]" time="0.029" /><testcase classname="pytorch_tests.test_add.TestAddTypes" name="test_add_types[ ie_device:CPU - precision:FP32 - lhs_shape:[2, 3] - rhs_shape:[2, 3] - lhs_type:torch.int64 - rhs_type:torch.int32 ]" time="0.029" /><testcase classname="pytorch_tests.test_add.TestAddTypes" name="test_add_types[ ie_device:CPU - precision:FP32 - lhs_shape:[2, 3] - rhs_shape:[2, 3] - lhs_type:torch.int64 - rhs_type:torch.float32 ]" time="0.026" /><testcase classname="pytorch_tests.test_add.TestAddTypes" name="test_add_types[ ie_device:CPU - precision:FP32 - lhs_shape:[2, 3] - rhs_shape:[2, 3] - lhs_type:torch.int64 - rhs_type:torch.float64 ]" time="0.027" /><testcase classname="pytorch_tests.test_add.TestAddTypes" name="test_add_types[ ie_device:CPU - precision:FP32 - lhs_shape:[2, 3] - rhs_shape:[2, 3] - lhs_type:torch.float32 - rhs_type:torch.int32 ]" time="0.029" /><testcase classname="pytorch_tests.test_add.TestAddTypes" name="test_add_types[ ie_device:CPU - precision:FP32 - lhs_shape:[2, 3] - rhs_shape:[2, 3] - lhs_type:torch.float32 - rhs_type:torch.int64 ]" time="0.027" /><testcase classname="pytorch_tests.test_add.TestAddTypes" name="test_add_types[ ie_device:CPU - precision:FP32 - lhs_shape:[2, 3] - rhs_shape:[2, 3] - lhs_type:torch.float32 - rhs_type:torch.float64 ]" time="0.026" /><testcase classname="pytorch_tests.test_add.TestAddTypes" name="test_add_types[ ie_device:CPU - precision:FP32 - lhs_shape:[2, 3] - rhs_shape:[2, 3] - lhs_type:torch.float16 - rhs_type:torch.uint8 ]" time="0.027" /><testcase classname="pytorch_tests.test_add.TestAddTypes" name="test_add_types[ ie_device:CPU - precision:FP32 - lhs_shape:[2, 3] - rhs_shape:[2, 3] - lhs_type:torch.uint8 - rhs_type:torch.float16 ]" time="0.030" /><testcase classname="pytorch_tests.test_add.TestAddTypes" name="test_add_types[ ie_device:CPU - precision:FP32 - lhs_shape:[2, 3] - rhs_shape:[2, 3] - lhs_type:torch.float16 - rhs_type:torch.int32 ]" time="0.028" /><testcase classname="pytorch_tests.test_add.TestAddTypes" name="test_add_types[ ie_device:CPU - precision:FP32 - lhs_shape:[2, 3] - rhs_shape:[2, 3] - lhs_type:torch.int32 - rhs_type:torch.float16 ]" time="0.027" /><testcase classname="pytorch_tests.test_add.TestAddTypes" name="test_add_types[ ie_device:CPU - precision:FP32 - lhs_shape:[2, 3] - rhs_shape:[2, 3] - lhs_type:torch.float16 - rhs_type:torch.int64 ]" time="0.030" /><testcase classname="pytorch_tests.test_add.TestAddTypes" name="test_add_types[ ie_device:CPU - precision:FP32 - lhs_shape:[2, 3] - rhs_shape:[2, 3] - lhs_type:torch.int64 - rhs_type:torch.float16 ]" time="0.027" /><testcase classname="pytorch_tests.test_add.TestAddTypes" name="test_add_types[ ie_device:CPU - precision:FP32 - lhs_shape:[2, 3] - rhs_shape:[] - lhs_type:torch.bool - rhs_type:torch.uint8 ]" time="0.031" /><testcase classname="pytorch_tests.test_add.TestAddTypes" name="test_add_types[ ie_device:CPU - precision:FP32 - lhs_shape:[2, 3] - rhs_shape:[] - lhs_type:torch.bool - rhs_type:torch.int8 ]" time="0.030" /><testcase classname="pytorch_tests.test_add.TestAddTypes" name="test_add_types[ ie_device:CPU - precision:FP32 - lhs_shape:[2, 3] - rhs_shape:[] - lhs_type:torch.int8 - rhs_type:torch.uint8 ]" time="0.032" /><testcase classname="pytorch_tests.test_add.TestAddTypes" name="test_add_types[ ie_device:CPU - precision:FP32 - lhs_shape:[2, 3] - rhs_shape:[] - lhs_type:torch.uint8 - rhs_type:torch.int8 ]" time="0.031" /><testcase classname="pytorch_tests.test_add.TestAddTypes" name="test_add_types[ ie_device:CPU - precision:FP32 - lhs_shape:[2, 3] - rhs_shape:[] - lhs_type:torch.int32 - rhs_type:torch.int64 ]" time="0.030" /><testcase classname="pytorch_tests.test_add.TestAddTypes" name="test_add_types[ ie_device:CPU - precision:FP32 - lhs_shape:[2, 3] - rhs_shape:[] - lhs_type:torch.int32 - rhs_type:torch.float64 ]" time="0.032" /><testcase classname="pytorch_tests.test_add.TestAddTypes" name="test_add_types[ ie_device:CPU - precision:FP32 - lhs_shape:[2, 3] - rhs_shape:[] - lhs_type:torch.int64 - rhs_type:torch.int32 ]" time="0.031" /><testcase classname="pytorch_tests.test_add.TestAddTypes" name="test_add_types[ ie_device:CPU - precision:FP32 - lhs_shape:[2, 3] - rhs_shape:[] - lhs_type:torch.int64 - rhs_type:torch.float32 ]" time="0.029" /><testcase classname="pytorch_tests.test_add.TestAddTypes" name="test_add_types[ ie_device:CPU - precision:FP32 - lhs_shape:[2, 3] - rhs_shape:[] - lhs_type:torch.int64 - rhs_type:torch.float64 ]" time="0.031" /><testcase classname="pytorch_tests.test_add.TestAddTypes" name="test_add_types[ ie_device:CPU - precision:FP32 - lhs_shape:[2, 3] - rhs_shape:[] - lhs_type:torch.float32 - rhs_type:torch.int32 ]" time="0.030" /><testcase classname="pytorch_tests.test_add.TestAddTypes" name="test_add_types[ ie_device:CPU - precision:FP32 - lhs_shape:[2, 3] - rhs_shape:[] - lhs_type:torch.float32 - rhs_type:torch.int64 ]" time="0.031" /><testcase classname="pytorch_tests.test_add.TestAddTypes" name="test_add_types[ ie_device:CPU - precision:FP32 - lhs_shape:[2, 3] - rhs_shape:[] - lhs_type:torch.float32 - rhs_type:torch.float64 ]" time="0.033" /><testcase classname="pytorch_tests.test_add.TestAddTypes" name="test_add_types[ ie_device:CPU - precision:FP32 - lhs_shape:[2, 3] - rhs_shape:[] - lhs_type:torch.float16 - rhs_type:torch.uint8 ]" time="0.030" /><testcase classname="pytorch_tests.test_add.TestAddTypes" name="test_add_types[ ie_device:CPU - precision:FP32 - lhs_shape:[2, 3] - rhs_shape:[] - lhs_type:torch.uint8 - rhs_type:torch.float16 ]" time="0.031" /><testcase classname="pytorch_tests.test_add.TestAddTypes" name="test_add_types[ ie_device:CPU - precision:FP32 - lhs_shape:[2, 3] - rhs_shape:[] - lhs_type:torch.float16 - rhs_type:torch.int32 ]" time="0.033" /><testcase classname="pytorch_tests.test_add.TestAddTypes" name="test_add_types[ ie_device:CPU - precision:FP32 - lhs_shape:[2, 3] - rhs_shape:[] - lhs_type:torch.int32 - rhs_type:torch.float16 ]" time="0.031" /><testcase classname="pytorch_tests.test_add.TestAddTypes" name="test_add_types[ ie_device:CPU - precision:FP32 - lhs_shape:[2, 3] - rhs_shape:[] - lhs_type:torch.float16 - rhs_type:torch.int64 ]" time="0.030" /><testcase classname="pytorch_tests.test_add.TestAddTypes" name="test_add_types[ ie_device:CPU - precision:FP32 - lhs_shape:[2, 3] - rhs_shape:[] - lhs_type:torch.int64 - rhs_type:torch.float16 ]" time="0.034" /><testcase classname="pytorch_tests.test_add.TestAddTypes" name="test_add_types[ ie_device:CPU - precision:FP32 - lhs_shape:[] - rhs_shape:[2, 3] - lhs_type:torch.bool - rhs_type:torch.uint8 ]" time="0.032" /><testcase classname="pytorch_tests.test_add.TestAddTypes" name="test_add_types[ ie_device:CPU - precision:FP32 - lhs_shape:[] - rhs_shape:[2, 3] - lhs_type:torch.bool - rhs_type:torch.int8 ]" time="0.030" /><testcase classname="pytorch_tests.test_add.TestAddTypes" name="test_add_types[ ie_device:CPU - precision:FP32 - lhs_shape:[] - rhs_shape:[2, 3] - lhs_type:torch.int8 - rhs_type:torch.uint8 ]" time="0.030" /><testcase classname="pytorch_tests.test_add.TestAddTypes" name="test_add_types[ ie_device:CPU - precision:FP32 - lhs_shape:[] - rhs_shape:[2, 3] - lhs_type:torch.uint8 - rhs_type:torch.int8 ]" time="0.030" /><testcase classname="pytorch_tests.test_add.TestAddTypes" name="test_add_types[ ie_device:CPU - precision:FP32 - lhs_shape:[] - rhs_shape:[2, 3] - lhs_type:torch.int32 - rhs_type:torch.int64 ]" time="0.030" /><testcase classname="pytorch_tests.test_add.TestAddTypes" name="test_add_types[ ie_device:CPU - precision:FP32 - lhs_shape:[] - rhs_shape:[2, 3] - lhs_type:torch.int32 - rhs_type:torch.float64 ]" time="0.030" /><testcase classname="pytorch_tests.test_add.TestAddTypes" name="test_add_types[ ie_device:CPU - precision:FP32 - lhs_shape:[] - rhs_shape:[2, 3] - lhs_type:torch.int64 - rhs_type:torch.int32 ]" time="0.031" /><testcase classname="pytorch_tests.test_add.TestAddTypes" name="test_add_types[ ie_device:CPU - precision:FP32 - lhs_shape:[] - rhs_shape:[2, 3] - lhs_type:torch.int64 - rhs_type:torch.float32 ]" time="0.029" /><testcase classname="pytorch_tests.test_add.TestAddTypes" name="test_add_types[ ie_device:CPU - precision:FP32 - lhs_shape:[] - rhs_shape:[2, 3] - lhs_type:torch.int64 - rhs_type:torch.float64 ]" time="0.029" /><testcase classname="pytorch_tests.test_add.TestAddTypes" name="test_add_types[ ie_device:CPU - precision:FP32 - lhs_shape:[] - rhs_shape:[2, 3] - lhs_type:torch.float32 - rhs_type:torch.int32 ]" time="0.031" /><testcase classname="pytorch_tests.test_add.TestAddTypes" name="test_add_types[ ie_device:CPU - precision:FP32 - lhs_shape:[] - rhs_shape:[2, 3] - lhs_type:torch.float32 - rhs_type:torch.int64 ]" time="0.029" /><testcase classname="pytorch_tests.test_add.TestAddTypes" name="test_add_types[ ie_device:CPU - precision:FP32 - lhs_shape:[] - rhs_shape:[2, 3] - lhs_type:torch.float32 - rhs_type:torch.float64 ]" time="0.029" /><testcase classname="pytorch_tests.test_add.TestAddTypes" name="test_add_types[ ie_device:CPU - precision:FP32 - lhs_shape:[] - rhs_shape:[2, 3] - lhs_type:torch.float16 - rhs_type:torch.uint8 ]" time="0.032" /><testcase classname="pytorch_tests.test_add.TestAddTypes" name="test_add_types[ ie_device:CPU - precision:FP32 - lhs_shape:[] - rhs_shape:[2, 3] - lhs_type:torch.uint8 - rhs_type:torch.float16 ]" time="0.030" /><testcase classname="pytorch_tests.test_add.TestAddTypes" name="test_add_types[ ie_device:CPU - precision:FP32 - lhs_shape:[] - rhs_shape:[2, 3] - lhs_type:torch.float16 - rhs_type:torch.int32 ]" time="0.029" /><testcase classname="pytorch_tests.test_add.TestAddTypes" name="test_add_types[ ie_device:CPU - precision:FP32 - lhs_shape:[] - rhs_shape:[2, 3] - lhs_type:torch.int32 - rhs_type:torch.float16 ]" time="0.030" /><testcase classname="pytorch_tests.test_add.TestAddTypes" name="test_add_types[ ie_device:CPU - precision:FP32 - lhs_shape:[] - rhs_shape:[2, 3] - lhs_type:torch.float16 - rhs_type:torch.int64 ]" time="0.032" /><testcase classname="pytorch_tests.test_add.TestAddTypes" name="test_add_types[ ie_device:CPU - precision:FP32 - lhs_shape:[] - rhs_shape:[2, 3] - lhs_type:torch.int64 - rhs_type:torch.float16 ]" time="0.030" /><testcase classname="pytorch_tests.test_add.TestAddLists" name="test_add[ ie_device:CPU - precision:FP32 ]" time="0.025" /><testcase classname="pytorch_tests.test_add.TestAddBool" name="test_add[ ie_device:CPU - precision:FP32 - lhs_type:torch.bool - rhs_type:torch.bool ]" time="0.025" /><testcase classname="pytorch_tests.test_add.TestAddBool" name="test_add[ ie_device:CPU - precision:FP32 - lhs_type:torch.bool - rhs_type:torch.int32 ]" time="0.026" /><testcase classname="pytorch_tests.test_add.TestAddBool" name="test_add[ ie_device:CPU - precision:FP32 - lhs_type:torch.int32 - rhs_type:torch.bool ]" time="0.027" /><testcase classname="pytorch_tests.test_add.TestAddBool" name="test_add[ ie_device:CPU - precision:FP32 - lhs_type:torch.float32 - rhs_type:torch.bool ]" time="0.027" /><testcase classname="pytorch_tests.test_add.TestAddWithLhsComplex" name="test_add[ ie_device:CPU - precision:FP32 - op_type:add - rhs_type:torch.uint8 - lhs_type:torch.float32 - alpha:0 ]" time="0.041" /><testcase classname="pytorch_tests.test_add.TestAddWithLhsComplex" name="test_add[ ie_device:CPU - precision:FP32 - op_type:add - rhs_type:torch.uint8 - lhs_type:torch.float32 - alpha:0.5 ]" time="0.039" /><testcase classname="pytorch_tests.test_add.TestAddWithLhsComplex" name="test_add[ ie_device:CPU - precision:FP32 - op_type:add - rhs_type:torch.uint8 - lhs_type:torch.float64 - alpha:0 ]" time="0.040" /><testcase classname="pytorch_tests.test_add.TestAddWithLhsComplex" name="test_add[ ie_device:CPU - precision:FP32 - op_type:add - rhs_type:torch.uint8 - lhs_type:torch.float64 - alpha:0.5 ]" time="0.040" /><testcase classname="pytorch_tests.test_add.TestAddWithLhsComplex" name="test_add[ ie_device:CPU - precision:FP32 - op_type:add - rhs_type:torch.int8 - lhs_type:torch.float32 - alpha:0 ]" time="0.040" /><testcase classname="pytorch_tests.test_add.TestAddWithLhsComplex" name="test_add[ ie_device:CPU - precision:FP32 - op_type:add - rhs_type:torch.int8 - lhs_type:torch.float32 - alpha:0.5 ]" time="0.039" /><testcase classname="pytorch_tests.test_add.TestAddWithLhsComplex" name="test_add[ ie_device:CPU - precision:FP32 - op_type:add - rhs_type:torch.int8 - lhs_type:torch.float64 - alpha:0 ]" time="0.038" /><testcase classname="pytorch_tests.test_add.TestAddWithLhsComplex" name="test_add[ ie_device:CPU - precision:FP32 - op_type:add - rhs_type:torch.int8 - lhs_type:torch.float64 - alpha:0.5 ]" time="0.039" /><testcase classname="pytorch_tests.test_add.TestAddWithLhsComplex" name="test_add[ ie_device:CPU - precision:FP32 - op_type:add - rhs_type:torch.int32 - lhs_type:torch.float32 - alpha:0 ]" time="0.038" /><testcase classname="pytorch_tests.test_add.TestAddWithLhsComplex" name="test_add[ ie_device:CPU - precision:FP32 - op_type:add - rhs_type:torch.int32 - lhs_type:torch.float32 - alpha:0.5 ]" time="0.040" /><testcase classname="pytorch_tests.test_add.TestAddWithLhsComplex" name="test_add[ ie_device:CPU - precision:FP32 - op_type:add - rhs_type:torch.int32 - lhs_type:torch.float64 - alpha:0 ]" time="0.098" /><testcase classname="pytorch_tests.test_add.TestAddWithLhsComplex" name="test_add[ ie_device:CPU - precision:FP32 - op_type:add - rhs_type:torch.int32 - lhs_type:torch.float64 - alpha:0.5 ]" time="0.040" /><testcase classname="pytorch_tests.test_add.TestAddWithLhsComplex" name="test_add[ ie_device:CPU - precision:FP32 - op_type:add - rhs_type:torch.int64 - lhs_type:torch.float32 - alpha:0 ]" time="0.038" /><testcase classname="pytorch_tests.test_add.TestAddWithLhsComplex" name="test_add[ ie_device:CPU - precision:FP32 - op_type:add - rhs_type:torch.int64 - lhs_type:torch.float32 - alpha:0.5 ]" time="0.041" /><testcase classname="pytorch_tests.test_add.TestAddWithLhsComplex" name="test_add[ ie_device:CPU - precision:FP32 - op_type:add - rhs_type:torch.int64 - lhs_type:torch.float64 - alpha:0 ]" time="0.038" /><testcase classname="pytorch_tests.test_add.TestAddWithLhsComplex" name="test_add[ ie_device:CPU - precision:FP32 - op_type:add - rhs_type:torch.int64 - lhs_type:torch.float64 - alpha:0.5 ]" time="0.038" /><testcase classname="pytorch_tests.test_add.TestAddWithLhsComplex" name="test_add[ ie_device:CPU - precision:FP32 - op_type:add - rhs_type:torch.float32 - lhs_type:torch.float32 - alpha:0 ]" time="0.040" /><testcase classname="pytorch_tests.test_add.TestAddWithLhsComplex" name="test_add[ ie_device:CPU - precision:FP32 - op_type:add - rhs_type:torch.float32 - lhs_type:torch.float32 - alpha:0.5 ]" time="0.038" /><testcase classname="pytorch_tests.test_add.TestAddWithLhsComplex" name="test_add[ ie_device:CPU - precision:FP32 - op_type:add - rhs_type:torch.float32 - lhs_type:torch.float64 - alpha:0 ]" time="0.040" /><testcase classname="pytorch_tests.test_add.TestAddWithLhsComplex" name="test_add[ ie_device:CPU - precision:FP32 - op_type:add - rhs_type:torch.float32 - lhs_type:torch.float64 - alpha:0.5 ]" time="0.038" /><testcase classname="pytorch_tests.test_add.TestAddWithLhsComplex" name="test_add[ ie_device:CPU - precision:FP32 - op_type:add - rhs_type:torch.float64 - lhs_type:torch.float32 - alpha:0 ]" time="0.037" /><testcase classname="pytorch_tests.test_add.TestAddWithLhsComplex" name="test_add[ ie_device:CPU - precision:FP32 - op_type:add - rhs_type:torch.float64 - lhs_type:torch.float32 - alpha:0.5 ]" time="0.038" /><testcase classname="pytorch_tests.test_add.TestAddWithLhsComplex" name="test_add[ ie_device:CPU - precision:FP32 - op_type:add - rhs_type:torch.float64 - lhs_type:torch.float64 - alpha:0 ]" time="0.039" /><testcase classname="pytorch_tests.test_add.TestAddWithLhsComplex" name="test_add[ ie_device:CPU - precision:FP32 - op_type:add - rhs_type:torch.float64 - lhs_type:torch.float64 - alpha:0.5 ]" time="0.037" /><testcase classname="pytorch_tests.test_add.TestAddWithLhsComplex" name="test_add[ ie_device:CPU - precision:FP32 - op_type:add_ - rhs_type:torch.uint8 - lhs_type:torch.float32 - alpha:0 ]" time="0.040" /><testcase classname="pytorch_tests.test_add.TestAddWithLhsComplex" name="test_add[ ie_device:CPU - precision:FP32 - op_type:add_ - rhs_type:torch.uint8 - lhs_type:torch.float32 - alpha:0.5 ]" time="0.041" /><testcase classname="pytorch_tests.test_add.TestAddWithLhsComplex" name="test_add[ ie_device:CPU - precision:FP32 - op_type:add_ - rhs_type:torch.uint8 - lhs_type:torch.float64 - alpha:0 ]" time="0.041" /><testcase classname="pytorch_tests.test_add.TestAddWithLhsComplex" name="test_add[ ie_device:CPU - precision:FP32 - op_type:add_ - rhs_type:torch.uint8 - lhs_type:torch.float64 - alpha:0.5 ]" time="0.041" /><testcase classname="pytorch_tests.test_add.TestAddWithLhsComplex" name="test_add[ ie_device:CPU - precision:FP32 - op_type:add_ - rhs_type:torch.int8 - lhs_type:torch.float32 - alpha:0 ]" time="0.039" /><testcase classname="pytorch_tests.test_add.TestAddWithLhsComplex" name="test_add[ ie_device:CPU - precision:FP32 - op_type:add_ - rhs_type:torch.int8 - lhs_type:torch.float32 - alpha:0.5 ]" time="0.040" /><testcase classname="pytorch_tests.test_add.TestAddWithLhsComplex" name="test_add[ ie_device:CPU - precision:FP32 - op_type:add_ - rhs_type:torch.int8 - lhs_type:torch.float64 - alpha:0 ]" time="0.039" /><testcase classname="pytorch_tests.test_add.TestAddWithLhsComplex" name="test_add[ ie_device:CPU - precision:FP32 - op_type:add_ - rhs_type:torch.int8 - lhs_type:torch.float64 - alpha:0.5 ]" time="0.039" /><testcase classname="pytorch_tests.test_add.TestAddWithLhsComplex" name="test_add[ ie_device:CPU - precision:FP32 - op_type:add_ - rhs_type:torch.int32 - lhs_type:torch.float32 - alpha:0 ]" time="0.039" /><testcase classname="pytorch_tests.test_add.TestAddWithLhsComplex" name="test_add[ ie_device:CPU - precision:FP32 - op_type:add_ - rhs_type:torch.int32 - lhs_type:torch.float32 - alpha:0.5 ]" time="0.039" /><testcase classname="pytorch_tests.test_add.TestAddWithLhsComplex" name="test_add[ ie_device:CPU - precision:FP32 - op_type:add_ - rhs_type:torch.int32 - lhs_type:torch.float64 - alpha:0 ]" time="0.039" /><testcase classname="pytorch_tests.test_add.TestAddWithLhsComplex" name="test_add[ ie_device:CPU - precision:FP32 - op_type:add_ - rhs_type:torch.int32 - lhs_type:torch.float64 - alpha:0.5 ]" time="0.039" /><testcase classname="pytorch_tests.test_add.TestAddWithLhsComplex" name="test_add[ ie_device:CPU - precision:FP32 - op_type:add_ - rhs_type:torch.int64 - lhs_type:torch.float32 - alpha:0 ]" time="0.039" /><testcase classname="pytorch_tests.test_add.TestAddWithLhsComplex" name="test_add[ ie_device:CPU - precision:FP32 - op_type:add_ - rhs_type:torch.int64 - lhs_type:torch.float32 - alpha:0.5 ]" time="0.040" /><testcase classname="pytorch_tests.test_add.TestAddWithLhsComplex" name="test_add[ ie_device:CPU - precision:FP32 - op_type:add_ - rhs_type:torch.int64 - lhs_type:torch.float64 - alpha:0 ]" time="0.040" /><testcase classname="pytorch_tests.test_add.TestAddWithLhsComplex" name="test_add[ ie_device:CPU - precision:FP32 - op_type:add_ - rhs_type:torch.int64 - lhs_type:torch.float64 - alpha:0.5 ]" time="0.040" /><testcase classname="pytorch_tests.test_add.TestAddWithLhsComplex" name="test_add[ ie_device:CPU - precision:FP32 - op_type:add_ - rhs_type:torch.float32 - lhs_type:torch.float32 - alpha:0 ]" time="0.039" /><testcase classname="pytorch_tests.test_add.TestAddWithLhsComplex" name="test_add[ ie_device:CPU - precision:FP32 - op_type:add_ - rhs_type:torch.float32 - lhs_type:torch.float32 - alpha:0.5 ]" time="0.040" /><testcase classname="pytorch_tests.test_add.TestAddWithLhsComplex" name="test_add[ ie_device:CPU - precision:FP32 - op_type:add_ - rhs_type:torch.float32 - lhs_type:torch.float64 - alpha:0 ]" time="0.042" /><testcase classname="pytorch_tests.test_add.TestAddWithLhsComplex" name="test_add[ ie_device:CPU - precision:FP32 - op_type:add_ - rhs_type:torch.float32 - lhs_type:torch.float64 - alpha:0.5 ]" time="0.040" /><testcase classname="pytorch_tests.test_add.TestAddWithLhsComplex" name="test_add[ ie_device:CPU - precision:FP32 - op_type:add_ - rhs_type:torch.float64 - lhs_type:torch.float32 - alpha:0 ]" time="0.041" /><testcase classname="pytorch_tests.test_add.TestAddWithLhsComplex" name="test_add[ ie_device:CPU - precision:FP32 - op_type:add_ - rhs_type:torch.float64 - lhs_type:torch.float32 - alpha:0.5 ]" time="0.041" /><testcase classname="pytorch_tests.test_add.TestAddWithLhsComplex" name="test_add[ ie_device:CPU - precision:FP32 - op_type:add_ - rhs_type:torch.float64 - lhs_type:torch.float64 - alpha:0 ]" time="0.042" /><testcase classname="pytorch_tests.test_add.TestAddWithLhsComplex" name="test_add[ ie_device:CPU - precision:FP32 - op_type:add_ - rhs_type:torch.float64 - lhs_type:torch.float64 - alpha:0.5 ]" time="0.041" /><testcase classname="pytorch_tests.test_add.TestAddWithRhsComplex" name="test_add[ ie_device:CPU - precision:FP32 - lhs_type:torch.uint8 - rhs_type:torch.float32 - alpha:0 ]" time="0.039" /><testcase classname="pytorch_tests.test_add.TestAddWithRhsComplex" name="test_add[ ie_device:CPU - precision:FP32 - lhs_type:torch.uint8 - rhs_type:torch.float32 - alpha:0.5 ]" time="0.039" /><testcase classname="pytorch_tests.test_add.TestAddWithRhsComplex" name="test_add[ ie_device:CPU - precision:FP32 - lhs_type:torch.uint8 - rhs_type:torch.float64 - alpha:0 ]" time="0.037" /><testcase classname="pytorch_tests.test_add.TestAddWithRhsComplex" name="test_add[ ie_device:CPU - precision:FP32 - lhs_type:torch.uint8 - rhs_type:torch.float64 - alpha:0.5 ]" time="0.038" /><testcase classname="pytorch_tests.test_add.TestAddWithRhsComplex" name="test_add[ ie_device:CPU - precision:FP32 - lhs_type:torch.int8 - rhs_type:torch.float32 - alpha:0 ]" time="0.038" /><testcase classname="pytorch_tests.test_add.TestAddWithRhsComplex" name="test_add[ ie_device:CPU - precision:FP32 - lhs_type:torch.int8 - rhs_type:torch.float32 - alpha:0.5 ]" time="0.038" /><testcase classname="pytorch_tests.test_add.TestAddWithRhsComplex" name="test_add[ ie_device:CPU - precision:FP32 - lhs_type:torch.int8 - rhs_type:torch.float64 - alpha:0 ]" time="0.038" /><testcase classname="pytorch_tests.test_add.TestAddWithRhsComplex" name="test_add[ ie_device:CPU - precision:FP32 - lhs_type:torch.int8 - rhs_type:torch.float64 - alpha:0.5 ]" time="0.040" /><testcase classname="pytorch_tests.test_add.TestAddWithRhsComplex" name="test_add[ ie_device:CPU - precision:FP32 - lhs_type:torch.int32 - rhs_type:torch.float32 - alpha:0 ]" time="0.040" /><testcase classname="pytorch_tests.test_add.TestAddWithRhsComplex" name="test_add[ ie_device:CPU - precision:FP32 - lhs_type:torch.int32 - rhs_type:torch.float32 - alpha:0.5 ]" time="0.039" /><testcase classname="pytorch_tests.test_add.TestAddWithRhsComplex" name="test_add[ ie_device:CPU - precision:FP32 - lhs_type:torch.int32 - rhs_type:torch.float64 - alpha:0 ]" time="0.039" /><testcase classname="pytorch_tests.test_add.TestAddWithRhsComplex" name="test_add[ ie_device:CPU - precision:FP32 - lhs_type:torch.int32 - rhs_type:torch.float64 - alpha:0.5 ]" time="0.040" /><testcase classname="pytorch_tests.test_add.TestAddWithRhsComplex" name="test_add[ ie_device:CPU - precision:FP32 - lhs_type:torch.int64 - rhs_type:torch.float32 - alpha:0 ]" time="0.039" /><testcase classname="pytorch_tests.test_add.TestAddWithRhsComplex" name="test_add[ ie_device:CPU - precision:FP32 - lhs_type:torch.int64 - rhs_type:torch.float32 - alpha:0.5 ]" time="0.039" /><testcase classname="pytorch_tests.test_add.TestAddWithRhsComplex" name="test_add[ ie_device:CPU - precision:FP32 - lhs_type:torch.int64 - rhs_type:torch.float64 - alpha:0 ]" time="0.039" /><testcase classname="pytorch_tests.test_add.TestAddWithRhsComplex" name="test_add[ ie_device:CPU - precision:FP32 - lhs_type:torch.int64 - rhs_type:torch.float64 - alpha:0.5 ]" time="0.037" /><testcase classname="pytorch_tests.test_add.TestAddWithRhsComplex" name="test_add[ ie_device:CPU - precision:FP32 - lhs_type:torch.float32 - rhs_type:torch.float32 - alpha:0 ]" time="0.038" /><testcase classname="pytorch_tests.test_add.TestAddWithRhsComplex" name="test_add[ ie_device:CPU - precision:FP32 - lhs_type:torch.float32 - rhs_type:torch.float32 - alpha:0.5 ]" time="0.039" /><testcase classname="pytorch_tests.test_add.TestAddWithRhsComplex" name="test_add[ ie_device:CPU - precision:FP32 - lhs_type:torch.float32 - rhs_type:torch.float64 - alpha:0 ]" time="0.037" /><testcase classname="pytorch_tests.test_add.TestAddWithRhsComplex" name="test_add[ ie_device:CPU - precision:FP32 - lhs_type:torch.float32 - rhs_type:torch.float64 - alpha:0.5 ]" time="0.037" /><testcase classname="pytorch_tests.test_add.TestAddWithRhsComplex" name="test_add[ ie_device:CPU - precision:FP32 - lhs_type:torch.float64 - rhs_type:torch.float32 - alpha:0 ]" time="0.037" /><testcase classname="pytorch_tests.test_add.TestAddWithRhsComplex" name="test_add[ ie_device:CPU - precision:FP32 - lhs_type:torch.float64 - rhs_type:torch.float32 - alpha:0.5 ]" time="0.038" /><testcase classname="pytorch_tests.test_add.TestAddWithRhsComplex" name="test_add[ ie_device:CPU - precision:FP32 - lhs_type:torch.float64 - rhs_type:torch.float64 - alpha:0 ]" time="0.036" /><testcase classname="pytorch_tests.test_add.TestAddWithRhsComplex" name="test_add[ ie_device:CPU - precision:FP32 - lhs_type:torch.float64 - rhs_type:torch.float64 - alpha:0.5 ]" time="0.038" /><testcase classname="pytorch_tests.test_add.TestAddWithBothComplex" name="test_add[ ie_device:CPU - precision:FP32 - op_type:add - rhs_type:torch.float32 - lhs_type:torch.float32 - alpha:0 ]" time="0.031" /><testcase classname="pytorch_tests.test_add.TestAddWithBothComplex" name="test_add[ ie_device:CPU - precision:FP32 - op_type:add - rhs_type:torch.float32 - lhs_type:torch.float32 - alpha:0.5 ]" time="0.035" /><testcase classname="pytorch_tests.test_add.TestAddWithBothComplex" name="test_add[ ie_device:CPU - precision:FP32 - op_type:add - rhs_type:torch.float32 - lhs_type:torch.float64 - alpha:0 ]" time="0.034" /><testcase classname="pytorch_tests.test_add.TestAddWithBothComplex" name="test_add[ ie_device:CPU - precision:FP32 - op_type:add - rhs_type:torch.float32 - lhs_type:torch.float64 - alpha:0.5 ]" time="0.035" /><testcase classname="pytorch_tests.test_add.TestAddWithBothComplex" name="test_add[ ie_device:CPU - precision:FP32 - op_type:add - rhs_type:torch.float64 - lhs_type:torch.float32 - alpha:0 ]" time="0.032" /><testcase classname="pytorch_tests.test_add.TestAddWithBothComplex" name="test_add[ ie_device:CPU - precision:FP32 - op_type:add - rhs_type:torch.float64 - lhs_type:torch.float32 - alpha:0.5 ]" time="0.031" /><testcase classname="pytorch_tests.test_add.TestAddWithBothComplex" name="test_add[ ie_device:CPU - precision:FP32 - op_type:add - rhs_type:torch.float64 - lhs_type:torch.float64 - alpha:0 ]" time="0.033" /><testcase classname="pytorch_tests.test_add.TestAddWithBothComplex" name="test_add[ ie_device:CPU - precision:FP32 - op_type:add - rhs_type:torch.float64 - lhs_type:torch.float64 - alpha:0.5 ]" time="0.031" /><testcase classname="pytorch_tests.test_add.TestAddWithBothComplex" name="test_add[ ie_device:CPU - precision:FP32 - op_type:add_ - rhs_type:torch.float32 - lhs_type:torch.float32 - alpha:0 ]" time="0.034" /><testcase classname="pytorch_tests.test_add.TestAddWithBothComplex" name="test_add[ ie_device:CPU - precision:FP32 - op_type:add_ - rhs_type:torch.float32 - lhs_type:torch.float32 - alpha:0.5 ]" time="0.034" /><testcase classname="pytorch_tests.test_add.TestAddWithBothComplex" name="test_add[ ie_device:CPU - precision:FP32 - op_type:add_ - rhs_type:torch.float32 - lhs_type:torch.float64 - alpha:0 ]" time="0.032" /><testcase classname="pytorch_tests.test_add.TestAddWithBothComplex" name="test_add[ ie_device:CPU - precision:FP32 - op_type:add_ - rhs_type:torch.float32 - lhs_type:torch.float64 - alpha:0.5 ]" time="0.031" /><testcase classname="pytorch_tests.test_add.TestAddWithBothComplex" name="test_add[ ie_device:CPU - precision:FP32 - op_type:add_ - rhs_type:torch.float64 - lhs_type:torch.float32 - alpha:0 ]" time="0.033" /><testcase classname="pytorch_tests.test_add.TestAddWithBothComplex" name="test_add[ ie_device:CPU - precision:FP32 - op_type:add_ - rhs_type:torch.float64 - lhs_type:torch.float32 - alpha:0.5 ]" time="0.033" /><testcase classname="pytorch_tests.test_add.TestAddWithBothComplex" name="test_add[ ie_device:CPU - precision:FP32 - op_type:add_ - rhs_type:torch.float64 - lhs_type:torch.float64 - alpha:0 ]" time="0.032" /><testcase classname="pytorch_tests.test_add.TestAddWithBothComplex" name="test_add[ ie_device:CPU - precision:FP32 - op_type:add_ - rhs_type:torch.float64 - lhs_type:torch.float64 - alpha:0.5 ]" time="0.034" /></testsuite></testsuites>